<?xml version="1.0" encoding="UTF-8"?>
<TestRequest attribute="iceland">iceland rocks!</TestRequest>
